#
# There is insufficient memory for the Java Runtime Environment to continue.
# Native memory allocation (malloc) failed to allocate 176720 bytes for Chunk::new
# Possible reasons:
#   The system is out of physical RAM or swap space
#   The process is running with CompressedOops enabled, and the Java Heap may be blocking the growth of the native heap
# Possible solutions:
#   Reduce memory load on the system
#   Increase physical memory or swap space
#   Check if swap backing store is full
#   Decrease Java heap size (-Xmx/-Xms)
#   Decrease number of Java threads
#   Decrease Java thread stack sizes (-Xss)
#   Set larger code cache with -XX:ReservedCodeCacheSize=
#   JVM is running with Unscaled Compressed Oops mode in which the Java heap is
#     placed in the first 4GB address space. The Java Heap base address is the
#     maximum limit for the native heap growth. Please use -XX:HeapBaseMinAddress
#     to set the Java Heap base and to place the Java Heap above 4GB virtual address.
# This output file may be truncated or incomplete.
#
#  Out of Memory Error (arena.cpp:168), pid=3192, tid=10992
#
# JRE version: OpenJDK Runtime Environment (21.0.1+12) (build 21.0.1+12-29)
# Java VM: OpenJDK 64-Bit Server VM (21.0.1+12-29, mixed mode, sharing, tiered, compressed oops, compressed class ptrs, g1 gc, windows-amd64)
# No core dump will be written. Minidumps are not enabled by default on client versions of Windows
#

---------------  S U M M A R Y ------------

Command Line: -javaagent:C:\Program Files\JetBrains\IntelliJ IDEA Community Edition 2023.2.5\lib\idea_rt.jar=60844:C:\Program Files\JetBrains\IntelliJ IDEA Community Edition 2023.2.5\bin -Dfile.encoding=UTF-8 -Dsun.stdout.encoding=UTF-8 -Dsun.stderr.encoding=UTF-8 id.infinitelearning.KotlinSubmission.exercise5.AppKt

Host: Intel(R) Core(TM) i5-5200U CPU @ 2.20GHz, 4 cores, 7G,  Windows 10 , 64 bit Build 19041 (10.0.19041.3570)
Time: Sun Nov 19 07:05:31 2023 SE Asia Standard Time elapsed time: 0.209230 seconds (0d 0h 0m 0s)

---------------  T H R E A D  ---------------

Current thread (0x000001f0d9e9b8c0):  JavaThread "C2 CompilerThread0" daemon [_thread_in_native, id=10992, stack(0x000000e094700000,0x000000e094800000) (1024K)]


Current CompileTask:
C2:    209  146       4       java.util.HashMap::putVal (300 bytes)

Stack: [0x000000e094700000,0x000000e094800000]
Native frames: (J=compiled Java code, j=interpreted, Vv=VM code, C=native code)
V  [jvm.dll+0x6c9029]
V  [jvm.dll+0x854b81]
V  [jvm.dll+0x856e5e]
V  [jvm.dll+0x857543]
V  [jvm.dll+0x280c06]
V  [jvm.dll+0xc3ead]
V  [jvm.dll+0xc43c3]
V  [jvm.dll+0x3b576c]
V  [jvm.dll+0x382475]
V  [jvm.dll+0x3818ea]
V  [jvm.dll+0x249ad0]
V  [jvm.dll+0x2490b1]
V  [jvm.dll+0x1c9ca1]
V  [jvm.dll+0x2586b9]
V  [jvm.dll+0x256c9a]
V  [jvm.dll+0x3ef1b6]
V  [jvm.dll+0x7fd728]
V  [jvm.dll+0x6c777d]
C  [ucrtbase.dll+0x21bb2]
C  [KERNEL32.DLL+0x17344]
C  [ntdll.dll+0x526b1]


---------------  P R O C E S S  ---------------

Threads class SMR info:
_java_thread_list=0x000001f11f273a20, length=12, elements={
0x000001f0d9e86d40, 0x000001f0d9e88c70, 0x000001f0d9e89b90, 0x000001f0d9e8cb40,
0x000001f0d9e8e5b0, 0x000001f0d9e8f010, 0x000001f0d9e9b8c0, 0x000001f0d9e9c360,
0x000001f0d9e51450, 0x000001f11f293520, 0x000001f11f293b90, 0x000001f0bddd3e80
}

Java Threads: ( => current thread )
  0x000001f0d9e86d40 JavaThread "Reference Handler"          daemon [_thread_blocked, id=3644, stack(0x000000e094100000,0x000000e094200000) (1024K)]
  0x000001f0d9e88c70 JavaThread "Finalizer"                  daemon [_thread_blocked, id=5492, stack(0x000000e094200000,0x000000e094300000) (1024K)]
  0x000001f0d9e89b90 JavaThread "Signal Dispatcher"          daemon [_thread_blocked, id=2812, stack(0x000000e094300000,0x000000e094400000) (1024K)]
  0x000001f0d9e8cb40 JavaThread "Attach Listener"            daemon [_thread_in_native, id=10928, stack(0x000000e094400000,0x000000e094500000) (1024K)]
  0x000001f0d9e8e5b0 JavaThread "Service Thread"             daemon [_thread_blocked, id=10204, stack(0x000000e094500000,0x000000e094600000) (1024K)]
  0x000001f0d9e8f010 JavaThread "Monitor Deflation Thread"   daemon [_thread_blocked, id=2540, stack(0x000000e094600000,0x000000e094700000) (1024K)]
=>0x000001f0d9e9b8c0 JavaThread "C2 CompilerThread0"         daemon [_thread_in_native, id=10992, stack(0x000000e094700000,0x000000e094800000) (1024K)]
  0x000001f0d9e9c360 JavaThread "C1 CompilerThread0"         daemon [_thread_blocked, id=7092, stack(0x000000e094800000,0x000000e094900000) (1024K)]
  0x000001f0d9e51450 JavaThread "Common-Cleaner"             daemon [_thread_blocked, id=7484, stack(0x000000e094900000,0x000000e094a00000) (1024K)]
  0x000001f11f293520 JavaThread "Monitor Ctrl-Break"         daemon [_thread_in_vm, id=9852, stack(0x000000e094b00000,0x000000e094c00000) (1024K)]
  0x000001f11f293b90 JavaThread "Notification Thread"        daemon [_thread_blocked, id=8096, stack(0x000000e094c00000,0x000000e094d00000) (1024K)]
  0x000001f0bddd3e80 JavaThread "DestroyJavaVM"                     [_thread_blocked, id=12200, stack(0x000000e093900000,0x000000e093a00000) (1024K)]
Total: 12

Other Threads:
  0x000001f0d9e63430 VMThread "VM Thread"                           [id=9208, stack(0x000000e094000000,0x000000e094100000) (1024K)]
  0x000001f0d9e4f3f0 WatcherThread "VM Periodic Task Thread"        [id=10440, stack(0x000000e093f00000,0x000000e094000000) (1024K)]
  0x000001f0bde28a50 WorkerThread "GC Thread#0"                     [id=5468, stack(0x000000e093a00000,0x000000e093b00000) (1024K)]
  0x000001f0bde398a0 ConcurrentGCThread "G1 Main Marker"            [id=11396, stack(0x000000e093b00000,0x000000e093c00000) (1024K)]
  0x000001f0bde3db60 WorkerThread "G1 Conc#0"                       [id=6860, stack(0x000000e093c00000,0x000000e093d00000) (1024K)]
  0x000001f0d9d120a0 ConcurrentGCThread "G1 Refine#0"               [id=3564, stack(0x000000e093d00000,0x000000e093e00000) (1024K)]
  0x000001f0d9d128c0 ConcurrentGCThread "G1 Service"                [id=8560, stack(0x000000e093e00000,0x000000e093f00000) (1024K)]
Total: 7

Threads with active compile tasks:
C2 CompilerThread0      598  146       4       java.util.HashMap::putVal (300 bytes)
Total: 1

VM state: not at safepoint (normal execution)

VM Mutex/Monitor currently owned by a thread: None

Heap address: 0x0000000081a00000, size: 2022 MB, Compressed Oops mode: 32-bit

CDS archive(s) mapped at: [0x000001f0da000000-0x000001f0dac90000-0x000001f0dac90000), size 13172736, SharedBaseAddress: 0x000001f0da000000, ArchiveRelocationMode: 1.
Compressed class space mapped at: 0x000001f0db000000-0x000001f11b000000, reserved size: 1073741824
Narrow klass base: 0x000001f0da000000, Narrow klass shift: 0, Narrow klass range: 0x100000000

GC Precious Log:
 CardTable entry size: 512
 Card Set container configuration: InlinePtr #cards 5 size 8 Array Of Cards #cards 12 size 40 Howl #buckets 4 coarsen threshold 1843 Howl Bitmap #cards 512 size 80 coarsen threshold 460 Card regions per heap region 1 cards per card region 2048
 CPUs: 4 total, 4 available
 Memory: 8083M
 Large Page Support: Disabled
 NUMA Support: Disabled
 Compressed Oops: Enabled (32-bit)
 Heap Region Size: 1M
 Heap Min Capacity: 8M
 Heap Initial Capacity: 128M
 Heap Max Capacity: 2022M
 Pre-touch: Disabled
 Parallel Workers: 4
 Concurrent Workers: 1
 Concurrent Refinement Workers: 4
 Periodic GC: Disabled

Heap:
 garbage-first heap   total 131072K, used 3072K [0x0000000081a00000, 0x0000000100000000)
  region size 1024K, 4 young (4096K), 0 survivors (0K)
 Metaspace       used 723K, committed 896K, reserved 1114112K
  class space    used 49K, committed 128K, reserved 1048576K

Heap Regions: E=young(eden), S=young(survivor), O=old, HS=humongous(starts), HC=humongous(continues), CS=collection set, F=free, TAMS=top-at-mark-start, PB=parsable bottom
|   0|0x0000000081a00000, 0x0000000081a00000, 0x0000000081b00000|  0%| F|  |TAMS 0x0000000081a00000| PB 0x0000000081a00000| Untracked 
|   1|0x0000000081b00000, 0x0000000081b00000, 0x0000000081c00000|  0%| F|  |TAMS 0x0000000081b00000| PB 0x0000000081b00000| Untracked 
|   2|0x0000000081c00000, 0x0000000081c00000, 0x0000000081d00000|  0%| F|  |TAMS 0x0000000081c00000| PB 0x0000000081c00000| Untracked 
|   3|0x0000000081d00000, 0x0000000081d00000, 0x0000000081e00000|  0%| F|  |TAMS 0x0000000081d00000| PB 0x0000000081d00000| Untracked 
|   4|0x0000000081e00000, 0x0000000081e00000, 0x0000000081f00000|  0%| F|  |TAMS 0x0000000081e00000| PB 0x0000000081e00000| Untracked 
|   5|0x0000000081f00000, 0x0000000081f00000, 0x0000000082000000|  0%| F|  |TAMS 0x0000000081f00000| PB 0x0000000081f00000| Untracked 
|   6|0x0000000082000000, 0x0000000082000000, 0x0000000082100000|  0%| F|  |TAMS 0x0000000082000000| PB 0x0000000082000000| Untracked 
|   7|0x0000000082100000, 0x0000000082100000, 0x0000000082200000|  0%| F|  |TAMS 0x0000000082100000| PB 0x0000000082100000| Untracked 
|   8|0x0000000082200000, 0x0000000082200000, 0x0000000082300000|  0%| F|  |TAMS 0x0000000082200000| PB 0x0000000082200000| Untracked 
|   9|0x0000000082300000, 0x0000000082300000, 0x0000000082400000|  0%| F|  |TAMS 0x0000000082300000| PB 0x0000000082300000| Untracked 
|  10|0x0000000082400000, 0x0000000082400000, 0x0000000082500000|  0%| F|  |TAMS 0x0000000082400000| PB 0x0000000082400000| Untracked 
|  11|0x0000000082500000, 0x0000000082500000, 0x0000000082600000|  0%| F|  |TAMS 0x0000000082500000| PB 0x0000000082500000| Untracked 
|  12|0x0000000082600000, 0x0000000082600000, 0x0000000082700000|  0%| F|  |TAMS 0x0000000082600000| PB 0x0000000082600000| Untracked 
|  13|0x0000000082700000, 0x0000000082700000, 0x0000000082800000|  0%| F|  |TAMS 0x0000000082700000| PB 0x0000000082700000| Untracked 
|  14|0x0000000082800000, 0x0000000082800000, 0x0000000082900000|  0%| F|  |TAMS 0x0000000082800000| PB 0x0000000082800000| Untracked 
|  15|0x0000000082900000, 0x0000000082900000, 0x0000000082a00000|  0%| F|  |TAMS 0x0000000082900000| PB 0x0000000082900000| Untracked 
|  16|0x0000000082a00000, 0x0000000082a00000, 0x0000000082b00000|  0%| F|  |TAMS 0x0000000082a00000| PB 0x0000000082a00000| Untracked 
|  17|0x0000000082b00000, 0x0000000082b00000, 0x0000000082c00000|  0%| F|  |TAMS 0x0000000082b00000| PB 0x0000000082b00000| Untracked 
|  18|0x0000000082c00000, 0x0000000082c00000, 0x0000000082d00000|  0%| F|  |TAMS 0x0000000082c00000| PB 0x0000000082c00000| Untracked 
|  19|0x0000000082d00000, 0x0000000082d00000, 0x0000000082e00000|  0%| F|  |TAMS 0x0000000082d00000| PB 0x0000000082d00000| Untracked 
|  20|0x0000000082e00000, 0x0000000082e00000, 0x0000000082f00000|  0%| F|  |TAMS 0x0000000082e00000| PB 0x0000000082e00000| Untracked 
|  21|0x0000000082f00000, 0x0000000082f00000, 0x0000000083000000|  0%| F|  |TAMS 0x0000000082f00000| PB 0x0000000082f00000| Untracked 
|  22|0x0000000083000000, 0x0000000083000000, 0x0000000083100000|  0%| F|  |TAMS 0x0000000083000000| PB 0x0000000083000000| Untracked 
|  23|0x0000000083100000, 0x0000000083100000, 0x0000000083200000|  0%| F|  |TAMS 0x0000000083100000| PB 0x0000000083100000| Untracked 
|  24|0x0000000083200000, 0x0000000083200000, 0x0000000083300000|  0%| F|  |TAMS 0x0000000083200000| PB 0x0000000083200000| Untracked 
|  25|0x0000000083300000, 0x0000000083300000, 0x0000000083400000|  0%| F|  |TAMS 0x0000000083300000| PB 0x0000000083300000| Untracked 
|  26|0x0000000083400000, 0x0000000083400000, 0x0000000083500000|  0%| F|  |TAMS 0x0000000083400000| PB 0x0000000083400000| Untracked 
|  27|0x0000000083500000, 0x0000000083500000, 0x0000000083600000|  0%| F|  |TAMS 0x0000000083500000| PB 0x0000000083500000| Untracked 
|  28|0x0000000083600000, 0x0000000083600000, 0x0000000083700000|  0%| F|  |TAMS 0x0000000083600000| PB 0x0000000083600000| Untracked 
|  29|0x0000000083700000, 0x0000000083700000, 0x0000000083800000|  0%| F|  |TAMS 0x0000000083700000| PB 0x0000000083700000| Untracked 
|  30|0x0000000083800000, 0x0000000083800000, 0x0000000083900000|  0%| F|  |TAMS 0x0000000083800000| PB 0x0000000083800000| Untracked 
|  31|0x0000000083900000, 0x0000000083900000, 0x0000000083a00000|  0%| F|  |TAMS 0x0000000083900000| PB 0x0000000083900000| Untracked 
|  32|0x0000000083a00000, 0x0000000083a00000, 0x0000000083b00000|  0%| F|  |TAMS 0x0000000083a00000| PB 0x0000000083a00000| Untracked 
|  33|0x0000000083b00000, 0x0000000083b00000, 0x0000000083c00000|  0%| F|  |TAMS 0x0000000083b00000| PB 0x0000000083b00000| Untracked 
|  34|0x0000000083c00000, 0x0000000083c00000, 0x0000000083d00000|  0%| F|  |TAMS 0x0000000083c00000| PB 0x0000000083c00000| Untracked 
|  35|0x0000000083d00000, 0x0000000083d00000, 0x0000000083e00000|  0%| F|  |TAMS 0x0000000083d00000| PB 0x0000000083d00000| Untracked 
|  36|0x0000000083e00000, 0x0000000083e00000, 0x0000000083f00000|  0%| F|  |TAMS 0x0000000083e00000| PB 0x0000000083e00000| Untracked 
|  37|0x0000000083f00000, 0x0000000083f00000, 0x0000000084000000|  0%| F|  |TAMS 0x0000000083f00000| PB 0x0000000083f00000| Untracked 
|  38|0x0000000084000000, 0x0000000084000000, 0x0000000084100000|  0%| F|  |TAMS 0x0000000084000000| PB 0x0000000084000000| Untracked 
|  39|0x0000000084100000, 0x0000000084100000, 0x0000000084200000|  0%| F|  |TAMS 0x0000000084100000| PB 0x0000000084100000| Untracked 
|  40|0x0000000084200000, 0x0000000084200000, 0x0000000084300000|  0%| F|  |TAMS 0x0000000084200000| PB 0x0000000084200000| Untracked 
|  41|0x0000000084300000, 0x0000000084300000, 0x0000000084400000|  0%| F|  |TAMS 0x0000000084300000| PB 0x0000000084300000| Untracked 
|  42|0x0000000084400000, 0x0000000084400000, 0x0000000084500000|  0%| F|  |TAMS 0x0000000084400000| PB 0x0000000084400000| Untracked 
|  43|0x0000000084500000, 0x0000000084500000, 0x0000000084600000|  0%| F|  |TAMS 0x0000000084500000| PB 0x0000000084500000| Untracked 
|  44|0x0000000084600000, 0x0000000084600000, 0x0000000084700000|  0%| F|  |TAMS 0x0000000084600000| PB 0x0000000084600000| Untracked 
|  45|0x0000000084700000, 0x0000000084700000, 0x0000000084800000|  0%| F|  |TAMS 0x0000000084700000| PB 0x0000000084700000| Untracked 
|  46|0x0000000084800000, 0x0000000084800000, 0x0000000084900000|  0%| F|  |TAMS 0x0000000084800000| PB 0x0000000084800000| Untracked 
|  47|0x0000000084900000, 0x0000000084900000, 0x0000000084a00000|  0%| F|  |TAMS 0x0000000084900000| PB 0x0000000084900000| Untracked 
|  48|0x0000000084a00000, 0x0000000084a00000, 0x0000000084b00000|  0%| F|  |TAMS 0x0000000084a00000| PB 0x0000000084a00000| Untracked 
|  49|0x0000000084b00000, 0x0000000084b00000, 0x0000000084c00000|  0%| F|  |TAMS 0x0000000084b00000| PB 0x0000000084b00000| Untracked 
|  50|0x0000000084c00000, 0x0000000084c00000, 0x0000000084d00000|  0%| F|  |TAMS 0x0000000084c00000| PB 0x0000000084c00000| Untracked 
|  51|0x0000000084d00000, 0x0000000084d00000, 0x0000000084e00000|  0%| F|  |TAMS 0x0000000084d00000| PB 0x0000000084d00000| Untracked 
|  52|0x0000000084e00000, 0x0000000084e00000, 0x0000000084f00000|  0%| F|  |TAMS 0x0000000084e00000| PB 0x0000000084e00000| Untracked 
|  53|0x0000000084f00000, 0x0000000084f00000, 0x0000000085000000|  0%| F|  |TAMS 0x0000000084f00000| PB 0x0000000084f00000| Untracked 
|  54|0x0000000085000000, 0x0000000085000000, 0x0000000085100000|  0%| F|  |TAMS 0x0000000085000000| PB 0x0000000085000000| Untracked 
|  55|0x0000000085100000, 0x0000000085100000, 0x0000000085200000|  0%| F|  |TAMS 0x0000000085100000| PB 0x0000000085100000| Untracked 
|  56|0x0000000085200000, 0x0000000085200000, 0x0000000085300000|  0%| F|  |TAMS 0x0000000085200000| PB 0x0000000085200000| Untracked 
|  57|0x0000000085300000, 0x0000000085300000, 0x0000000085400000|  0%| F|  |TAMS 0x0000000085300000| PB 0x0000000085300000| Untracked 
|  58|0x0000000085400000, 0x0000000085400000, 0x0000000085500000|  0%| F|  |TAMS 0x0000000085400000| PB 0x0000000085400000| Untracked 
|  59|0x0000000085500000, 0x0000000085500000, 0x0000000085600000|  0%| F|  |TAMS 0x0000000085500000| PB 0x0000000085500000| Untracked 
|  60|0x0000000085600000, 0x0000000085600000, 0x0000000085700000|  0%| F|  |TAMS 0x0000000085600000| PB 0x0000000085600000| Untracked 
|  61|0x0000000085700000, 0x0000000085700000, 0x0000000085800000|  0%| F|  |TAMS 0x0000000085700000| PB 0x0000000085700000| Untracked 
|  62|0x0000000085800000, 0x0000000085800000, 0x0000000085900000|  0%| F|  |TAMS 0x0000000085800000| PB 0x0000000085800000| Untracked 
|  63|0x0000000085900000, 0x0000000085900000, 0x0000000085a00000|  0%| F|  |TAMS 0x0000000085900000| PB 0x0000000085900000| Untracked 
|  64|0x0000000085a00000, 0x0000000085a00000, 0x0000000085b00000|  0%| F|  |TAMS 0x0000000085a00000| PB 0x0000000085a00000| Untracked 
|  65|0x0000000085b00000, 0x0000000085b00000, 0x0000000085c00000|  0%| F|  |TAMS 0x0000000085b00000| PB 0x0000000085b00000| Untracked 
|  66|0x0000000085c00000, 0x0000000085c00000, 0x0000000085d00000|  0%| F|  |TAMS 0x0000000085c00000| PB 0x0000000085c00000| Untracked 
|  67|0x0000000085d00000, 0x0000000085d00000, 0x0000000085e00000|  0%| F|  |TAMS 0x0000000085d00000| PB 0x0000000085d00000| Untracked 
|  68|0x0000000085e00000, 0x0000000085e00000, 0x0000000085f00000|  0%| F|  |TAMS 0x0000000085e00000| PB 0x0000000085e00000| Untracked 
|  69|0x0000000085f00000, 0x0000000085f00000, 0x0000000086000000|  0%| F|  |TAMS 0x0000000085f00000| PB 0x0000000085f00000| Untracked 
|  70|0x0000000086000000, 0x0000000086000000, 0x0000000086100000|  0%| F|  |TAMS 0x0000000086000000| PB 0x0000000086000000| Untracked 
|  71|0x0000000086100000, 0x0000000086100000, 0x0000000086200000|  0%| F|  |TAMS 0x0000000086100000| PB 0x0000000086100000| Untracked 
|  72|0x0000000086200000, 0x0000000086200000, 0x0000000086300000|  0%| F|  |TAMS 0x0000000086200000| PB 0x0000000086200000| Untracked 
|  73|0x0000000086300000, 0x0000000086300000, 0x0000000086400000|  0%| F|  |TAMS 0x0000000086300000| PB 0x0000000086300000| Untracked 
|  74|0x0000000086400000, 0x0000000086400000, 0x0000000086500000|  0%| F|  |TAMS 0x0000000086400000| PB 0x0000000086400000| Untracked 
|  75|0x0000000086500000, 0x0000000086500000, 0x0000000086600000|  0%| F|  |TAMS 0x0000000086500000| PB 0x0000000086500000| Untracked 
|  76|0x0000000086600000, 0x0000000086600000, 0x0000000086700000|  0%| F|  |TAMS 0x0000000086600000| PB 0x0000000086600000| Untracked 
|  77|0x0000000086700000, 0x0000000086700000, 0x0000000086800000|  0%| F|  |TAMS 0x0000000086700000| PB 0x0000000086700000| Untracked 
|  78|0x0000000086800000, 0x0000000086800000, 0x0000000086900000|  0%| F|  |TAMS 0x0000000086800000| PB 0x0000000086800000| Untracked 
|  79|0x0000000086900000, 0x0000000086900000, 0x0000000086a00000|  0%| F|  |TAMS 0x0000000086900000| PB 0x0000000086900000| Untracked 
|  80|0x0000000086a00000, 0x0000000086a00000, 0x0000000086b00000|  0%| F|  |TAMS 0x0000000086a00000| PB 0x0000000086a00000| Untracked 
|  81|0x0000000086b00000, 0x0000000086b00000, 0x0000000086c00000|  0%| F|  |TAMS 0x0000000086b00000| PB 0x0000000086b00000| Untracked 
|  82|0x0000000086c00000, 0x0000000086c00000, 0x0000000086d00000|  0%| F|  |TAMS 0x0000000086c00000| PB 0x0000000086c00000| Untracked 
|  83|0x0000000086d00000, 0x0000000086d00000, 0x0000000086e00000|  0%| F|  |TAMS 0x0000000086d00000| PB 0x0000000086d00000| Untracked 
|  84|0x0000000086e00000, 0x0000000086e00000, 0x0000000086f00000|  0%| F|  |TAMS 0x0000000086e00000| PB 0x0000000086e00000| Untracked 
|  85|0x0000000086f00000, 0x0000000086f00000, 0x0000000087000000|  0%| F|  |TAMS 0x0000000086f00000| PB 0x0000000086f00000| Untracked 
|  86|0x0000000087000000, 0x0000000087000000, 0x0000000087100000|  0%| F|  |TAMS 0x0000000087000000| PB 0x0000000087000000| Untracked 
|  87|0x0000000087100000, 0x0000000087100000, 0x0000000087200000|  0%| F|  |TAMS 0x0000000087100000| PB 0x0000000087100000| Untracked 
|  88|0x0000000087200000, 0x0000000087200000, 0x0000000087300000|  0%| F|  |TAMS 0x0000000087200000| PB 0x0000000087200000| Untracked 
|  89|0x0000000087300000, 0x0000000087300000, 0x0000000087400000|  0%| F|  |TAMS 0x0000000087300000| PB 0x0000000087300000| Untracked 
|  90|0x0000000087400000, 0x0000000087400000, 0x0000000087500000|  0%| F|  |TAMS 0x0000000087400000| PB 0x0000000087400000| Untracked 
|  91|0x0000000087500000, 0x0000000087500000, 0x0000000087600000|  0%| F|  |TAMS 0x0000000087500000| PB 0x0000000087500000| Untracked 
|  92|0x0000000087600000, 0x0000000087600000, 0x0000000087700000|  0%| F|  |TAMS 0x0000000087600000| PB 0x0000000087600000| Untracked 
|  93|0x0000000087700000, 0x0000000087700000, 0x0000000087800000|  0%| F|  |TAMS 0x0000000087700000| PB 0x0000000087700000| Untracked 
|  94|0x0000000087800000, 0x0000000087800000, 0x0000000087900000|  0%| F|  |TAMS 0x0000000087800000| PB 0x0000000087800000| Untracked 
|  95|0x0000000087900000, 0x0000000087900000, 0x0000000087a00000|  0%| F|  |TAMS 0x0000000087900000| PB 0x0000000087900000| Untracked 
|  96|0x0000000087a00000, 0x0000000087a00000, 0x0000000087b00000|  0%| F|  |TAMS 0x0000000087a00000| PB 0x0000000087a00000| Untracked 
|  97|0x0000000087b00000, 0x0000000087b00000, 0x0000000087c00000|  0%| F|  |TAMS 0x0000000087b00000| PB 0x0000000087b00000| Untracked 
|  98|0x0000000087c00000, 0x0000000087c00000, 0x0000000087d00000|  0%| F|  |TAMS 0x0000000087c00000| PB 0x0000000087c00000| Untracked 
|  99|0x0000000087d00000, 0x0000000087d00000, 0x0000000087e00000|  0%| F|  |TAMS 0x0000000087d00000| PB 0x0000000087d00000| Untracked 
| 100|0x0000000087e00000, 0x0000000087e00000, 0x0000000087f00000|  0%| F|  |TAMS 0x0000000087e00000| PB 0x0000000087e00000| Untracked 
| 101|0x0000000087f00000, 0x0000000087f00000, 0x0000000088000000|  0%| F|  |TAMS 0x0000000087f00000| PB 0x0000000087f00000| Untracked 
| 102|0x0000000088000000, 0x0000000088000000, 0x0000000088100000|  0%| F|  |TAMS 0x0000000088000000| PB 0x0000000088000000| Untracked 
| 103|0x0000000088100000, 0x0000000088100000, 0x0000000088200000|  0%| F|  |TAMS 0x0000000088100000| PB 0x0000000088100000| Untracked 
| 104|0x0000000088200000, 0x0000000088200000, 0x0000000088300000|  0%| F|  |TAMS 0x0000000088200000| PB 0x0000000088200000| Untracked 
| 105|0x0000000088300000, 0x0000000088300000, 0x0000000088400000|  0%| F|  |TAMS 0x0000000088300000| PB 0x0000000088300000| Untracked 
| 106|0x0000000088400000, 0x0000000088400000, 0x0000000088500000|  0%| F|  |TAMS 0x0000000088400000| PB 0x0000000088400000| Untracked 
| 107|0x0000000088500000, 0x0000000088500000, 0x0000000088600000|  0%| F|  |TAMS 0x0000000088500000| PB 0x0000000088500000| Untracked 
| 108|0x0000000088600000, 0x0000000088600000, 0x0000000088700000|  0%| F|  |TAMS 0x0000000088600000| PB 0x0000000088600000| Untracked 
| 109|0x0000000088700000, 0x0000000088700000, 0x0000000088800000|  0%| F|  |TAMS 0x0000000088700000| PB 0x0000000088700000| Untracked 
| 110|0x0000000088800000, 0x0000000088800000, 0x0000000088900000|  0%| F|  |TAMS 0x0000000088800000| PB 0x0000000088800000| Untracked 
| 111|0x0000000088900000, 0x0000000088900000, 0x0000000088a00000|  0%| F|  |TAMS 0x0000000088900000| PB 0x0000000088900000| Untracked 
| 112|0x0000000088a00000, 0x0000000088a00000, 0x0000000088b00000|  0%| F|  |TAMS 0x0000000088a00000| PB 0x0000000088a00000| Untracked 
| 113|0x0000000088b00000, 0x0000000088b00000, 0x0000000088c00000|  0%| F|  |TAMS 0x0000000088b00000| PB 0x0000000088b00000| Untracked 
| 114|0x0000000088c00000, 0x0000000088c00000, 0x0000000088d00000|  0%| F|  |TAMS 0x0000000088c00000| PB 0x0000000088c00000| Untracked 
| 115|0x0000000088d00000, 0x0000000088d00000, 0x0000000088e00000|  0%| F|  |TAMS 0x0000000088d00000| PB 0x0000000088d00000| Untracked 
| 116|0x0000000088e00000, 0x0000000088e00000, 0x0000000088f00000|  0%| F|  |TAMS 0x0000000088e00000| PB 0x0000000088e00000| Untracked 
| 117|0x0000000088f00000, 0x0000000088f00000, 0x0000000089000000|  0%| F|  |TAMS 0x0000000088f00000| PB 0x0000000088f00000| Untracked 
| 118|0x0000000089000000, 0x0000000089000000, 0x0000000089100000|  0%| F|  |TAMS 0x0000000089000000| PB 0x0000000089000000| Untracked 
| 119|0x0000000089100000, 0x0000000089100000, 0x0000000089200000|  0%| F|  |TAMS 0x0000000089100000| PB 0x0000000089100000| Untracked 
| 120|0x0000000089200000, 0x0000000089200000, 0x0000000089300000|  0%| F|  |TAMS 0x0000000089200000| PB 0x0000000089200000| Untracked 
| 121|0x0000000089300000, 0x0000000089300000, 0x0000000089400000|  0%| F|  |TAMS 0x0000000089300000| PB 0x0000000089300000| Untracked 
| 122|0x0000000089400000, 0x0000000089400000, 0x0000000089500000|  0%| F|  |TAMS 0x0000000089400000| PB 0x0000000089400000| Untracked 
| 123|0x0000000089500000, 0x0000000089500000, 0x0000000089600000|  0%| F|  |TAMS 0x0000000089500000| PB 0x0000000089500000| Untracked 
| 124|0x0000000089600000, 0x0000000089643100, 0x0000000089700000| 26%| E|  |TAMS 0x0000000089600000| PB 0x0000000089600000| Complete 
| 125|0x0000000089700000, 0x0000000089800000, 0x0000000089800000|100%| E|CS|TAMS 0x0000000089700000| PB 0x0000000089700000| Complete 
| 126|0x0000000089800000, 0x0000000089900000, 0x0000000089900000|100%| E|CS|TAMS 0x0000000089800000| PB 0x0000000089800000| Complete 
| 127|0x0000000089900000, 0x0000000089a00000, 0x0000000089a00000|100%| E|CS|TAMS 0x0000000089900000| PB 0x0000000089900000| Complete 

Card table byte_map: [0x000001f0d5630000,0x000001f0d5a30000] _byte_map_base: 0x000001f0d5223000

Marking Bits: (CMBitMap*) 0x000001f0bde29150
 Bits: [0x000001f0d5a30000, 0x000001f0d79c8000)

Polling page: 0x000001f0bbd50000

Metaspace:

Usage:
  Non-class:    674.20 KB used.
      Class:     49.61 KB used.
       Both:    723.81 KB used.

Virtual space:
  Non-class space:       64.00 MB reserved,     768.00 KB (  1%) committed,  1 nodes.
      Class space:        1.00 GB reserved,     128.00 KB ( <1%) committed,  1 nodes.
             Both:        1.06 GB reserved,     896.00 KB ( <1%) committed. 

Chunk freelists:
   Non-Class:  11.96 MB
       Class:  15.73 MB
        Both:  27.69 MB

MaxMetaspaceSize: unlimited
CompressedClassSpaceSize: 1.00 GB
Initial GC threshold: 21.00 MB
Current GC threshold: 21.00 MB
CDS: on
 - commit_granule_bytes: 65536.
 - commit_granule_words: 8192.
 - virtual_space_node_default_size: 8388608.
 - enlarge_chunks_in_place: 1.
 - use_allocation_guard: 0.


Internal statistics:

num_allocs_failed_limit: 0.
num_arena_births: 24.
num_arena_deaths: 0.
num_vsnodes_births: 2.
num_vsnodes_deaths: 0.
num_space_committed: 14.
num_space_uncommitted: 0.
num_chunks_returned_to_freelist: 0.
num_chunks_taken_from_freelist: 30.
num_chunk_merges: 0.
num_chunk_splits: 20.
num_chunks_enlarged: 11.
num_inconsistent_stats: 0.

CodeHeap 'non-profiled nmethods': size=120000Kb used=77Kb max_used=77Kb free=119922Kb
 bounds [0x000001f0cdd00000, 0x000001f0cdf70000, 0x000001f0d5230000]
CodeHeap 'profiled nmethods': size=120000Kb used=280Kb max_used=280Kb free=119719Kb
 bounds [0x000001f0c6230000, 0x000001f0c64a0000, 0x000001f0cd760000]
CodeHeap 'non-nmethods': size=5760Kb used=1300Kb max_used=1303Kb free=4459Kb
 bounds [0x000001f0cd760000, 0x000001f0cd9d0000, 0x000001f0cdd00000]
 total_blobs=667 nmethods=251 adapters=321
 compilation: enabled
              stopped_count=0, restarted_count=0
 full_count=0

Compilation events (20 events):
Event: 0.170 Thread 0x000001f0d9e9c360  170       3       java.lang.String::<init> (15 bytes)
Event: 0.170 Thread 0x000001f0d9e9c360 nmethod 170 0x000001f0c625cf10 code [0x000001f0c625d0c0, 0x000001f0c625d280]
Event: 0.170 Thread 0x000001f0d9e9c360  171       3       jdk.internal.util.Preconditions::checkFromToIndex (24 bytes)
Event: 0.170 Thread 0x000001f0d9e9c360 nmethod 171 0x000001f0c625d310 code [0x000001f0c625d4c0, 0x000001f0c625d6a8]
Event: 0.170 Thread 0x000001f0d9e9c360  172       3       java.lang.StringBuilder::append (8 bytes)
Event: 0.170 Thread 0x000001f0d9e9c360 nmethod 172 0x000001f0c625d790 code [0x000001f0c625d940, 0x000001f0c625da90]
Event: 0.170 Thread 0x000001f0d9e9c360  173       3       java.lang.AbstractStringBuilder::append (45 bytes)
Event: 0.171 Thread 0x000001f0d9e9c360 nmethod 173 0x000001f0c625db10 code [0x000001f0c625dd20, 0x000001f0c625e260]
Event: 0.171 Thread 0x000001f0d9e9c360  175       3       java.lang.AbstractStringBuilder::append (77 bytes)
Event: 0.172 Thread 0x000001f0d9e9c360 nmethod 175 0x000001f0c625e490 code [0x000001f0c625e6a0, 0x000001f0c625eda0]
Event: 0.172 Thread 0x000001f0d9e9c360  174       3       java.io.WinNTFileSystem::isSlash (18 bytes)
Event: 0.172 Thread 0x000001f0d9e9c360 nmethod 174 0x000001f0c625f010 code [0x000001f0c625f1c0, 0x000001f0c625f368]
Event: 0.172 Thread 0x000001f0d9e9c360  176       3       java.lang.String::indexOf (7 bytes)
Event: 0.172 Thread 0x000001f0d9e9c360 nmethod 176 0x000001f0c625f410 code [0x000001f0c625f5c0, 0x000001f0c625f708]
Event: 0.173 Thread 0x000001f0d9e9c360  177       3       java.lang.StringLatin1::indexOf (37 bytes)
Event: 0.173 Thread 0x000001f0d9e9c360 nmethod 177 0x000001f0c625f790 code [0x000001f0c625f980, 0x000001f0c625fec0]
Event: 0.173 Thread 0x000001f0d9e9c360  178       3       sun.nio.fs.WindowsPathParser::isSlash (18 bytes)
Event: 0.173 Thread 0x000001f0d9e9c360 nmethod 178 0x000001f0c6260090 code [0x000001f0c6260220, 0x000001f0c62603a0]
Event: 0.174 Thread 0x000001f0d9e9c360  179       3       java.lang.String::checkBoundsBeginEnd (11 bytes)
Event: 0.174 Thread 0x000001f0d9e9c360 nmethod 179 0x000001f0c6260410 code [0x000001f0c62605c0, 0x000001f0c6260810]

GC Heap History (0 events):
No events

Dll operation events (5 events):
Event: 0.013 Loaded shared library C:\Users\refrizar.dwiardito\.jdks\openjdk-21.0.1\bin\java.dll
Event: 0.066 Loaded shared library C:\Users\refrizar.dwiardito\.jdks\openjdk-21.0.1\bin\jsvml.dll
Event: 0.160 Loaded shared library C:\Users\refrizar.dwiardito\.jdks\openjdk-21.0.1\bin\zip.dll
Event: 0.166 Loaded shared library C:\Users\refrizar.dwiardito\.jdks\openjdk-21.0.1\bin\instrument.dll
Event: 0.176 Loaded shared library C:\Users\refrizar.dwiardito\.jdks\openjdk-21.0.1\bin\net.dll

Deoptimization events (0 events):
No events

Classes loaded (16 events):
Event: 0.059 Loading class sun/nio/cs/UTF_8$Encoder
Event: 0.060 Loading class sun/nio/cs/UTF_8$Encoder done
Event: 0.129 Loading class jdk/internal/module/ModuleReferenceImpl$CachedHash
Event: 0.130 Loading class jdk/internal/module/ModuleReferenceImpl$CachedHash done
Event: 0.162 Loading class sun/instrument/InstrumentationImpl
Event: 0.162 Loading class java/lang/instrument/Instrumentation
Event: 0.162 Loading class java/lang/instrument/Instrumentation done
Event: 0.162 Loading class sun/instrument/InstrumentationImpl done
Event: 0.166 Loading class sun/instrument/TransformerManager
Event: 0.166 Loading class sun/instrument/TransformerManager done
Event: 0.166 Loading class sun/instrument/TransformerManager$TransformerInfo
Event: 0.167 Loading class sun/instrument/TransformerManager$TransformerInfo done
Event: 0.167 Loading class jdk/internal/loader/URLClassPath$FileLoader
Event: 0.167 Loading class jdk/internal/loader/URLClassPath$FileLoader done
Event: 0.168 Loading class sun/nio/cs/UTF_8$Decoder
Event: 0.168 Loading class sun/nio/cs/UTF_8$Decoder done

Classes unloaded (0 events):
No events

Classes redefined (0 events):
No events

Internal exceptions (0 events):
No events

ZGC Phase Switch (0 events):
No events

VM Operations (2 events):
Event: 0.128 Executing VM operation: HandshakeAllThreads (Deoptimize)
Event: 0.128 Executing VM operation: HandshakeAllThreads (Deoptimize) done

Events (10 events):
Event: 0.037 Thread 0x000001f0bddd3e80 Thread added: 0x000001f0bddd3e80
Event: 0.061 Thread 0x000001f0d9e86d40 Thread added: 0x000001f0d9e86d40
Event: 0.061 Thread 0x000001f0d9e88c70 Thread added: 0x000001f0d9e88c70
Event: 0.062 Thread 0x000001f0d9e89b90 Thread added: 0x000001f0d9e89b90
Event: 0.062 Thread 0x000001f0d9e8cb40 Thread added: 0x000001f0d9e8cb40
Event: 0.062 Thread 0x000001f0d9e8e5b0 Thread added: 0x000001f0d9e8e5b0
Event: 0.062 Thread 0x000001f0d9e8f010 Thread added: 0x000001f0d9e8f010
Event: 0.062 Thread 0x000001f0d9e9b8c0 Thread added: 0x000001f0d9e9b8c0
Event: 0.063 Thread 0x000001f0d9e9c360 Thread added: 0x000001f0d9e9c360
Event: 0.113 Thread 0x000001f0d9e51450 Thread added: 0x000001f0d9e51450


Dynamic libraries:
0x00007ff7e7d20000 - 0x00007ff7e7d2e000 	C:\Users\refrizar.dwiardito\.jdks\openjdk-21.0.1\bin\java.exe
0x00007ffcc9830000 - 0x00007ffcc9a27000 	C:\Windows\SYSTEM32\ntdll.dll
0x00007ffcc8a40000 - 0x00007ffcc8afd000 	C:\Windows\System32\KERNEL32.DLL
0x00007ffcc6f80000 - 0x00007ffcc7276000 	C:\Windows\System32\KERNELBASE.dll
0x00007ffcc73f0000 - 0x00007ffcc74f0000 	C:\Windows\System32\ucrtbase.dll
0x00007ffcb6de0000 - 0x00007ffcb6dfb000 	C:\Users\refrizar.dwiardito\.jdks\openjdk-21.0.1\bin\VCRUNTIME140.dll
0x00007ffcb5c60000 - 0x00007ffcb5c78000 	C:\Users\refrizar.dwiardito\.jdks\openjdk-21.0.1\bin\jli.dll
0x00007ffcc7d70000 - 0x00007ffcc7f0e000 	C:\Windows\System32\USER32.dll
0x00007ffcba190000 - 0x00007ffcba42a000 	C:\Windows\WinSxS\amd64_microsoft.windows.common-controls_6595b64144ccf1df_6.0.19041.3570_none_60bb2a3971f3e41a\COMCTL32.dll
0x00007ffcc7860000 - 0x00007ffcc7882000 	C:\Windows\System32\win32u.dll
0x00007ffcc9390000 - 0x00007ffcc942e000 	C:\Windows\System32\msvcrt.dll
0x00007ffcc8b00000 - 0x00007ffcc8b2c000 	C:\Windows\System32\GDI32.dll
0x00007ffcc76a0000 - 0x00007ffcc77ba000 	C:\Windows\System32\gdi32full.dll
0x00007ffcc77c0000 - 0x00007ffcc785d000 	C:\Windows\System32\msvcp_win.dll
0x00007ffcc8e90000 - 0x00007ffcc8ec0000 	C:\Windows\System32\IMM32.DLL
0x00007ffcb6b50000 - 0x00007ffcb6b5c000 	C:\Users\refrizar.dwiardito\.jdks\openjdk-21.0.1\bin\vcruntime140_1.dll
0x00007ffcafde0000 - 0x00007ffcafe6e000 	C:\Users\refrizar.dwiardito\.jdks\openjdk-21.0.1\bin\msvcp140.dll
0x00007ffca1a10000 - 0x00007ffca2725000 	C:\Users\refrizar.dwiardito\.jdks\openjdk-21.0.1\bin\server\jvm.dll
0x00007ffcc8de0000 - 0x00007ffcc8e8e000 	C:\Windows\System32\ADVAPI32.dll
0x00007ffcc9430000 - 0x00007ffcc94cc000 	C:\Windows\System32\sechost.dll
0x00007ffcc8c50000 - 0x00007ffcc8d76000 	C:\Windows\System32\RPCRT4.dll
0x00007ffcc8280000 - 0x00007ffcc82eb000 	C:\Windows\System32\WS2_32.dll
0x00007ffcba5c0000 - 0x00007ffcba5e7000 	C:\Windows\SYSTEM32\WINMM.dll
0x00007ffcbb1d0000 - 0x00007ffcbb1da000 	C:\Windows\SYSTEM32\VERSION.dll
0x00007ffcc6d70000 - 0x00007ffcc6dbb000 	C:\Windows\SYSTEM32\POWRPROF.dll
0x00007ffcc6d50000 - 0x00007ffcc6d62000 	C:\Windows\SYSTEM32\UMPDC.dll
0x00007ffcc4e40000 - 0x00007ffcc4e52000 	C:\Windows\SYSTEM32\kernel.appcore.dll
0x00007ffcb5b80000 - 0x00007ffcb5b8a000 	C:\Users\refrizar.dwiardito\.jdks\openjdk-21.0.1\bin\jimage.dll
0x00007ffcb4010000 - 0x00007ffcb41f4000 	C:\Windows\SYSTEM32\DBGHELP.DLL
0x00007ffcb3fd0000 - 0x00007ffcb4004000 	C:\Windows\SYSTEM32\dbgcore.DLL
0x00007ffcc7330000 - 0x00007ffcc73b2000 	C:\Windows\System32\bcryptPrimitives.dll
0x00007ffcb39f0000 - 0x00007ffcb39ff000 	C:\Users\refrizar.dwiardito\.jdks\openjdk-21.0.1\bin\instrument.dll
0x00007ffcb39d0000 - 0x00007ffcb39ef000 	C:\Users\refrizar.dwiardito\.jdks\openjdk-21.0.1\bin\java.dll
0x00007ffcc82f0000 - 0x00007ffcc8a34000 	C:\Windows\System32\SHELL32.dll
0x00007ffcc4fb0000 - 0x00007ffcc574b000 	C:\Windows\SYSTEM32\windows.storage.dll
0x00007ffcc7a10000 - 0x00007ffcc7d64000 	C:\Windows\System32\combase.dll
0x00007ffcc68e0000 - 0x00007ffcc690d000 	C:\Windows\SYSTEM32\Wldp.dll
0x00007ffcc94d0000 - 0x00007ffcc957d000 	C:\Windows\System32\SHCORE.dll
0x00007ffcc8d80000 - 0x00007ffcc8dd5000 	C:\Windows\System32\shlwapi.dll
0x00007ffcc6e40000 - 0x00007ffcc6e65000 	C:\Windows\SYSTEM32\profapi.dll
0x00007ffcaea50000 - 0x00007ffcaeb27000 	C:\Users\refrizar.dwiardito\.jdks\openjdk-21.0.1\bin\jsvml.dll
0x00007ffcb3850000 - 0x00007ffcb3868000 	C:\Users\refrizar.dwiardito\.jdks\openjdk-21.0.1\bin\zip.dll
0x00007ffcb39c0000 - 0x00007ffcb39d0000 	C:\Users\refrizar.dwiardito\.jdks\openjdk-21.0.1\bin\net.dll
0x00007ffcbaf30000 - 0x00007ffcbb03a000 	C:\Windows\SYSTEM32\WINHTTP.dll
0x00007ffcc6640000 - 0x00007ffcc66aa000 	C:\Windows\system32\mswsock.dll
0x00007ffcb3490000 - 0x00007ffcb34a6000 	C:\Users\refrizar.dwiardito\.jdks\openjdk-21.0.1\bin\nio.dll
0x00007ffcb5c30000 - 0x00007ffcb5c4a000 	C:\Program Files\JetBrains\IntelliJ IDEA Community Edition 2023.2.5\bin\breakgen64.dll
0x00007ffcb33a0000 - 0x00007ffcb33a7000 	C:\Users\refrizar.dwiardito\.jdks\openjdk-21.0.1\bin\extnet.dll

dbghelp: loaded successfully - version: 4.0.5 - missing functions: none
symbol engine: initialized successfully - sym options: 0x614 - pdb path: .;C:\Users\refrizar.dwiardito\.jdks\openjdk-21.0.1\bin;C:\Windows\SYSTEM32;C:\Windows\WinSxS\amd64_microsoft.windows.common-controls_6595b64144ccf1df_6.0.19041.3570_none_60bb2a3971f3e41a;C:\Users\refrizar.dwiardito\.jdks\openjdk-21.0.1\bin\server;C:\Program Files\JetBrains\IntelliJ IDEA Community Edition 2023.2.5\bin

VM Arguments:
jvm_args: -javaagent:C:\Program Files\JetBrains\IntelliJ IDEA Community Edition 2023.2.5\lib\idea_rt.jar=60844:C:\Program Files\JetBrains\IntelliJ IDEA Community Edition 2023.2.5\bin -Dfile.encoding=UTF-8 -Dsun.stdout.encoding=UTF-8 -Dsun.stderr.encoding=UTF-8 
java_command: id.infinitelearning.KotlinSubmission.exercise5.AppKt
java_class_path (initial): D:\File Studi & Proyek Independen MSIB\Kotlin\REFRIZAR-Webdroid-Task-OOP-Kotlin-Morning\build\classes\kotlin\main;C:\Users\refrizar.dwiardito\.gradle\caches\modules-2\files-2.1\org.jetbrains.kotlin\kotlin-stdlib\1.9.20\e58b4816ac517e9cc5df1db051120c63d4cde669\kotlin-stdlib-1.9.20.jar;C:\Users\refrizar.dwiardito\.gradle\caches\modules-2\files-2.1\org.jetbrains\annotations\13.0\919f0dfe192fb4e063e7dacadee7f8bb9a2672a9\annotations-13.0.jar
Launcher Type: SUN_STANDARD

[Global flags]
     intx CICompilerCount                          = 3                                         {product} {ergonomic}
     uint ConcGCThreads                            = 1                                         {product} {ergonomic}
     uint G1ConcRefinementThreads                  = 4                                         {product} {ergonomic}
   size_t G1HeapRegionSize                         = 1048576                                   {product} {ergonomic}
    uintx GCDrainStackTargetSize                   = 64                                        {product} {ergonomic}
   size_t InitialHeapSize                          = 134217728                                 {product} {ergonomic}
   size_t MarkStackSize                            = 4194304                                   {product} {ergonomic}
   size_t MaxHeapSize                              = 2120220672                                {product} {ergonomic}
   size_t MaxNewSize                               = 1271922688                                {product} {ergonomic}
   size_t MinHeapDeltaBytes                        = 1048576                                   {product} {ergonomic}
   size_t MinHeapSize                              = 8388608                                   {product} {ergonomic}
    uintx NonNMethodCodeHeapSize                   = 5832780                                {pd product} {ergonomic}
    uintx NonProfiledCodeHeapSize                  = 122912730                              {pd product} {ergonomic}
    uintx ProfiledCodeHeapSize                     = 122912730                              {pd product} {ergonomic}
    uintx ReservedCodeCacheSize                    = 251658240                              {pd product} {ergonomic}
     bool SegmentedCodeCache                       = true                                      {product} {ergonomic}
   size_t SoftMaxHeapSize                          = 2120220672                             {manageable} {ergonomic}
     bool UseCompressedOops                        = true                           {product lp64_product} {ergonomic}
     bool UseG1GC                                  = true                                      {product} {ergonomic}
     bool UseLargePagesIndividualAllocation        = false                                  {pd product} {ergonomic}

Logging:
Log output configuration:
 #0: stdout all=warning uptime,level,tags foldmultilines=false
 #1: stderr all=off uptime,level,tags foldmultilines=false

Environment Variables:
JAVA_HOME=C:\Users\refrizar.dwiardito\.jdks\openjdk-21
PATH=C:\Program Files\Common Files\Oracle\Java\javapath;C:\Windows\system32;C:\Windows;C:\Windows\System32\Wbem;C:\Windows\System32\WindowsPowerShell\v1.0\;C:\Windows\System32\OpenSSH\;C:\Program Files\mingw-w64\x86_64-8.1.0-posix-seh-rt_v6-rev0\mingw64\bin;C:\Users\refrizar.dwiardito\AppData\Local\Programs\Python\Python310\Scripts;C:\Users\refrizar.dwiardito\.jdks\openjdk-21\bin;C:\Program Files\PuTTY\;C:\Program Files\gradle-8.3\bin;C:\Program Files\Git\cmd;C:\Users\refrizar.dwiardito\AppData\Local\Programs\Python\Python310\Scripts\;C:\Users\refrizar.dwiardito\AppData\Local\Programs\Python\Python310\;C:\Users\refrizar.dwiardito\AppData\Local\Microsoft\WindowsApps;;C:\Users\refrizar.dwiardito\AppData\Local\Programs\Microsoft VS Code\bin;C:\Program Files\JetBrains\IntelliJ IDEA Community Edition 2023.2.5\bin;
USERNAME=refrizar.dwiardito
OS=Windows_NT
PROCESSOR_IDENTIFIER=Intel64 Family 6 Model 61 Stepping 4, GenuineIntel
TMP=C:\Users\REFRIZ~1.DWI\AppData\Local\Temp
TEMP=C:\Users\REFRIZ~1.DWI\AppData\Local\Temp




Periodic native trim disabled

---------------  S Y S T E M  ---------------

OS:
 Windows 10 , 64 bit Build 19041 (10.0.19041.3570)
OS uptime: 0 days 5:42 hours

CPU: total 4 (initial active 4) (2 cores per cpu, 2 threads per core) family 6 model 61 stepping 4 microcode 0x2f, cx8, cmov, fxsr, ht, mmx, 3dnowpref, sse, sse2, sse3, ssse3, sse4.1, sse4.2, popcnt, lzcnt, tsc, tscinvbit, avx, avx2, aes, erms, clmul, bmi1, bmi2, adx, fma, vzeroupper, clflush, rdtscp, f16c
Processor Information for all 4 processors :
  Max Mhz: 2201, Current Mhz: 1000, Mhz Limit: 2178

Memory: 4k page, system-wide physical 8083M (672M free)
TotalPageFile size 8083M (AvailPageFile size 2M)
current process WorkingSet (physical memory assigned to process): 38M, peak: 38M
current process commit charge ("private bytes"): 202M, peak: 202M

vm_info: OpenJDK 64-Bit Server VM (21.0.1+12-29) for windows-amd64 JRE (21.0.1+12-29), built on 2023-10-05T13:27:09Z by "mach5one" with MS VC++ 17.1 (VS2022)

END.
