#
# There is insufficient memory for the Java Runtime Environment to continue.
# Native memory allocation (mmap) failed to map 134217728 bytes for G1 virtual space
# Possible reasons:
#   The system is out of physical RAM or swap space
#   The process is running with CompressedOops enabled, and the Java Heap may be blocking the growth of the native heap
# Possible solutions:
#   Reduce memory load on the system
#   Increase physical memory or swap space
#   Check if swap backing store is full
#   Decrease Java heap size (-Xmx/-Xms)
#   Decrease number of Java threads
#   Decrease Java thread stack sizes (-Xss)
#   Set larger code cache with -XX:ReservedCodeCacheSize=
#   JVM is running with Unscaled Compressed Oops mode in which the Java heap is
#     placed in the first 4GB address space. The Java Heap base address is the
#     maximum limit for the native heap growth. Please use -XX:HeapBaseMinAddress
#     to set the Java Heap base and to place the Java Heap above 4GB virtual address.
# This output file may be truncated or incomplete.
#
#  Out of Memory Error (os_windows.cpp:3600), pid=9480, tid=7148
#
# JRE version:  (21.0.1+12) (build )
# Java VM: OpenJDK 64-Bit Server VM (21.0.1+12-29, mixed mode, sharing, tiered, compressed oops, compressed class ptrs, g1 gc, windows-amd64)
# No core dump will be written. Minidumps are not enabled by default on client versions of Windows
#

---------------  S U M M A R Y ------------

Command Line: -javaagent:C:\Program Files\JetBrains\IntelliJ IDEA Community Edition 2023.2.5\lib\idea_rt.jar=61823:C:\Program Files\JetBrains\IntelliJ IDEA Community Edition 2023.2.5\bin -Dfile.encoding=UTF-8 -Dsun.stdout.encoding=UTF-8 -Dsun.stderr.encoding=UTF-8 id.infinitelearning.KotlinSubmission.exercise1.AppKt

Host: Intel(R) Core(TM) i5-5200U CPU @ 2.20GHz, 4 cores, 7G,  Windows 10 , 64 bit Build 19041 (10.0.19041.3570)
Time: Sat Nov 18 15:14:55 2023 SE Asia Standard Time elapsed time: 0.029959 seconds (0d 0h 0m 0s)

---------------  T H R E A D  ---------------

Current thread (0x0000021012ee0020):  JavaThread "Unknown thread" [_thread_in_vm, id=7148, stack(0x000000c074100000,0x000000c074200000) (1024K)]

Stack: [0x000000c074100000,0x000000c074200000]
Native frames: (J=compiled Java code, j=interpreted, Vv=VM code, C=native code)
V  [jvm.dll+0x6c9029]
V  [jvm.dll+0x854b81]
V  [jvm.dll+0x856e5e]
V  [jvm.dll+0x857543]
V  [jvm.dll+0x280c06]
V  [jvm.dll+0x6c5715]
V  [jvm.dll+0x6ba10a]
V  [jvm.dll+0x3557ea]
V  [jvm.dll+0x35d436]
V  [jvm.dll+0x3ae1be]
V  [jvm.dll+0x3ae468]
V  [jvm.dll+0x3291fc]
V  [jvm.dll+0x329d8b]
V  [jvm.dll+0x81d179]
V  [jvm.dll+0x3bb4f1]
V  [jvm.dll+0x805ae8]
V  [jvm.dll+0x44effe]
V  [jvm.dll+0x450901]
C  [jli.dll+0x52a3]
C  [ucrtbase.dll+0x21bb2]
C  [KERNEL32.DLL+0x17344]
C  [ntdll.dll+0x526b1]


---------------  P R O C E S S  ---------------

Threads class SMR info:
_java_thread_list=0x00007ff91b109b88, length=0, elements={
}

Java Threads: ( => current thread )
Total: 0

Other Threads:
  0x0000021013028890 WorkerThread "GC Thread#0"                     [id=3732, stack(0x000000c074200000,0x000000c074300000) (1024K)]
  0x000002101303a600 ConcurrentGCThread "G1 Main Marker"            [id=10888, stack(0x000000c074300000,0x000000c074400000) (1024K)]
  0x000002101303d7c0 WorkerThread "G1 Conc#0"                       [id=8684, stack(0x000000c074400000,0x000000c074500000) (1024K)]

[error occurred during error reporting (printing all threads), id 0xc0000005, EXCEPTION_ACCESS_VIOLATION (0xc0000005) at pc=0x00007ff91a87c2c7]
VM state: not at safepoint (not fully initialized)

VM Mutex/Monitor currently owned by a thread:  ([mutex/lock_event])
[0x00007ff91b17a6f8] Heap_lock - owner thread: 0x0000021012ee0020

Heap address: 0x0000000081a00000, size: 2022 MB, Compressed Oops mode: 32-bit

CDS archive(s) mapped at: [0x0000000000000000-0x0000000000000000-0x0000000000000000), size 0, SharedBaseAddress: 0x0000000800000000, ArchiveRelocationMode: 1.
Narrow klass base: 0x0000000000000000, Narrow klass shift: 0, Narrow klass range: 0x0

GC Precious Log:
 CardTable entry size: 512
 Card Set container configuration: InlinePtr #cards 5 size 8 Array Of Cards #cards 12 size 40 Howl #buckets 4 coarsen threshold 1843 Howl Bitmap #cards 512 size 80 coarsen threshold 460 Card regions per heap region 1 cards per card region 2048

Heap:
 garbage-first heap   total 0K, used 0K [0x0000000081a00000, 0x0000000100000000)
  region size 1024K, 0 young (0K), 0 survivors (0K)

[error occurred during error reporting (printing heap information), id 0xc0000005, EXCEPTION_ACCESS_VIOLATION (0xc0000005) at pc=0x00007ff91ac61be9]
GC Heap History (0 events):
No events

Dll operation events (1 events):
Event: 0.010 Loaded shared library C:\Users\refrizar.dwiardito\.jdks\openjdk-21.0.1\bin\java.dll

Deoptimization events (0 events):
No events

Classes loaded (0 events):
No events

Classes unloaded (0 events):
No events

Classes redefined (0 events):
No events

Internal exceptions (0 events):
No events

ZGC Phase Switch (0 events):
No events

VM Operations (0 events):
No events

Events (0 events):
No events


Dynamic libraries:
0x00007ff7320a0000 - 0x00007ff7320ae000 	C:\Users\refrizar.dwiardito\.jdks\openjdk-21.0.1\bin\java.exe
0x00007ff96a6b0000 - 0x00007ff96a8a7000 	C:\Windows\SYSTEM32\ntdll.dll
0x00007ff968710000 - 0x00007ff9687cd000 	C:\Windows\System32\KERNEL32.DLL
0x00007ff9681b0000 - 0x00007ff9684a6000 	C:\Windows\System32\KERNELBASE.dll
0x00007ff967ff0000 - 0x00007ff9680f0000 	C:\Windows\System32\ucrtbase.dll
0x00007ff942e90000 - 0x00007ff942eab000 	C:\Users\refrizar.dwiardito\.jdks\openjdk-21.0.1\bin\VCRUNTIME140.dll
0x00007ff941120000 - 0x00007ff941138000 	C:\Users\refrizar.dwiardito\.jdks\openjdk-21.0.1\bin\jli.dll
0x00007ff9694c0000 - 0x00007ff96965e000 	C:\Windows\System32\USER32.dll
0x00007ff95b6e0000 - 0x00007ff95b97a000 	C:\Windows\WinSxS\amd64_microsoft.windows.common-controls_6595b64144ccf1df_6.0.19041.3570_none_60bb2a3971f3e41a\COMCTL32.dll
0x00007ff9680f0000 - 0x00007ff968112000 	C:\Windows\System32\win32u.dll
0x00007ff969150000 - 0x00007ff9691ee000 	C:\Windows\System32\msvcrt.dll
0x00007ff968c60000 - 0x00007ff968c8c000 	C:\Windows\System32\GDI32.dll
0x00007ff9684e0000 - 0x00007ff9685fa000 	C:\Windows\System32\gdi32full.dll
0x00007ff968600000 - 0x00007ff96869d000 	C:\Windows\System32\msvcp_win.dll
0x00007ff96a640000 - 0x00007ff96a670000 	C:\Windows\System32\IMM32.DLL
0x00007ff963100000 - 0x00007ff96310c000 	C:\Users\refrizar.dwiardito\.jdks\openjdk-21.0.1\bin\vcruntime140_1.dll
0x00007ff93e240000 - 0x00007ff93e2ce000 	C:\Users\refrizar.dwiardito\.jdks\openjdk-21.0.1\bin\msvcp140.dll
0x00007ff91a540000 - 0x00007ff91b255000 	C:\Users\refrizar.dwiardito\.jdks\openjdk-21.0.1\bin\server\jvm.dll
0x00007ff969e10000 - 0x00007ff969ebe000 	C:\Windows\System32\ADVAPI32.dll
0x00007ff969340000 - 0x00007ff9693dc000 	C:\Windows\System32\sechost.dll
0x00007ff9691f0000 - 0x00007ff969316000 	C:\Windows\System32\RPCRT4.dll
0x00007ff9693e0000 - 0x00007ff96944b000 	C:\Windows\System32\WS2_32.dll
0x00007ff967bf0000 - 0x00007ff967c3b000 	C:\Windows\SYSTEM32\POWRPROF.dll
0x00007ff95ba70000 - 0x00007ff95ba97000 	C:\Windows\SYSTEM32\WINMM.dll
0x00007ff95b130000 - 0x00007ff95b13a000 	C:\Windows\SYSTEM32\VERSION.dll
0x00007ff967bd0000 - 0x00007ff967be2000 	C:\Windows\SYSTEM32\UMPDC.dll
0x00007ff965cc0000 - 0x00007ff965cd2000 	C:\Windows\SYSTEM32\kernel.appcore.dll
0x00007ff960290000 - 0x00007ff96029a000 	C:\Users\refrizar.dwiardito\.jdks\openjdk-21.0.1\bin\jimage.dll
0x00007ff953a00000 - 0x00007ff953be4000 	C:\Windows\SYSTEM32\DBGHELP.DLL
0x00007ff9539c0000 - 0x00007ff9539f4000 	C:\Windows\SYSTEM32\dbgcore.DLL
0x00007ff968120000 - 0x00007ff9681a2000 	C:\Windows\System32\bcryptPrimitives.dll
0x00007ff9559f0000 - 0x00007ff9559ff000 	C:\Users\refrizar.dwiardito\.jdks\openjdk-21.0.1\bin\instrument.dll
0x00007ff940e30000 - 0x00007ff940e4f000 	C:\Users\refrizar.dwiardito\.jdks\openjdk-21.0.1\bin\java.dll

dbghelp: loaded successfully - version: 4.0.5 - missing functions: none
symbol engine: initialized successfully - sym options: 0x614 - pdb path: .;C:\Users\refrizar.dwiardito\.jdks\openjdk-21.0.1\bin;C:\Windows\SYSTEM32;C:\Windows\WinSxS\amd64_microsoft.windows.common-controls_6595b64144ccf1df_6.0.19041.3570_none_60bb2a3971f3e41a;C:\Users\refrizar.dwiardito\.jdks\openjdk-21.0.1\bin\server

VM Arguments:
jvm_args: -javaagent:C:\Program Files\JetBrains\IntelliJ IDEA Community Edition 2023.2.5\lib\idea_rt.jar=61823:C:\Program Files\JetBrains\IntelliJ IDEA Community Edition 2023.2.5\bin -Dfile.encoding=UTF-8 -Dsun.stdout.encoding=UTF-8 -Dsun.stderr.encoding=UTF-8 
java_command: id.infinitelearning.KotlinSubmission.exercise1.AppKt
java_class_path (initial): D:\File Studi & Proyek Independen MSIB\Kotlin\REFRIZAR-Webdroid-Task-OOP-Kotlin-Morning\build\classes\kotlin\main;C:\Users\refrizar.dwiardito\.gradle\caches\modules-2\files-2.1\org.jetbrains.kotlin\kotlin-stdlib\1.9.20\e58b4816ac517e9cc5df1db051120c63d4cde669\kotlin-stdlib-1.9.20.jar;C:\Users\refrizar.dwiardito\.gradle\caches\modules-2\files-2.1\org.jetbrains\annotations\13.0\919f0dfe192fb4e063e7dacadee7f8bb9a2672a9\annotations-13.0.jar
Launcher Type: SUN_STANDARD

[Global flags]
     intx CICompilerCount                          = 3                                         {product} {ergonomic}
     uint ConcGCThreads                            = 1                                         {product} {ergonomic}
     uint G1ConcRefinementThreads                  = 4                                         {product} {ergonomic}
   size_t G1HeapRegionSize                         = 1048576                                   {product} {ergonomic}
    uintx GCDrainStackTargetSize                   = 64                                        {product} {ergonomic}
   size_t InitialHeapSize                          = 134217728                                 {product} {ergonomic}
   size_t MarkStackSize                            = 4194304                                   {product} {ergonomic}
   size_t MaxHeapSize                              = 2120220672                                {product} {ergonomic}
   size_t MinHeapDeltaBytes                        = 1048576                                   {product} {ergonomic}
   size_t MinHeapSize                              = 8388608                                   {product} {ergonomic}
    uintx NonNMethodCodeHeapSize                   = 5832780                                {pd product} {ergonomic}
    uintx NonProfiledCodeHeapSize                  = 122912730                              {pd product} {ergonomic}
    uintx ProfiledCodeHeapSize                     = 122912730                              {pd product} {ergonomic}
    uintx ReservedCodeCacheSize                    = 251658240                              {pd product} {ergonomic}
     bool SegmentedCodeCache                       = true                                      {product} {ergonomic}
   size_t SoftMaxHeapSize                          = 2120220672                             {manageable} {ergonomic}
     bool UseCompressedOops                        = true                           {product lp64_product} {ergonomic}
     bool UseG1GC                                  = true                                      {product} {ergonomic}
     bool UseLargePagesIndividualAllocation        = false                                  {pd product} {ergonomic}

Logging:
Log output configuration:
 #0: stdout all=warning uptime,level,tags foldmultilines=false
 #1: stderr all=off uptime,level,tags foldmultilines=false

Environment Variables:
JAVA_HOME=C:\Users\refrizar.dwiardito\.jdks\openjdk-21
PATH=C:\Program Files\Common Files\Oracle\Java\javapath;C:\Windows\system32;C:\Windows;C:\Windows\System32\Wbem;C:\Windows\System32\WindowsPowerShell\v1.0\;C:\Windows\System32\OpenSSH\;C:\Program Files\mingw-w64\x86_64-8.1.0-posix-seh-rt_v6-rev0\mingw64\bin;C:\Users\refrizar.dwiardito\AppData\Local\Programs\Python\Python310\Scripts;C:\Users\refrizar.dwiardito\.jdks\openjdk-21\bin;C:\Program Files\PuTTY\;C:\Program Files\gradle-8.3\bin;C:\Program Files\Git\cmd;C:\Users\refrizar.dwiardito\AppData\Local\Programs\Python\Python310\Scripts\;C:\Users\refrizar.dwiardito\AppData\Local\Programs\Python\Python310\;C:\Users\refrizar.dwiardito\AppData\Local\Microsoft\WindowsApps;;C:\Users\refrizar.dwiardito\AppData\Local\Programs\Microsoft VS Code\bin;C:\Program Files\JetBrains\IntelliJ IDEA Community Edition 2023.2.5\bin;
USERNAME=refrizar.dwiardito
OS=Windows_NT
PROCESSOR_IDENTIFIER=Intel64 Family 6 Model 61 Stepping 4, GenuineIntel
TMP=C:\Users\REFRIZ~1.DWI\AppData\Local\Temp
TEMP=C:\Users\REFRIZ~1.DWI\AppData\Local\Temp




Periodic native trim disabled

---------------  S Y S T E M  ---------------

OS:
 Windows 10 , 64 bit Build 19041 (10.0.19041.3570)
OS uptime: 0 days 6:27 hours

CPU: total 4 (initial active 4) (2 cores per cpu, 2 threads per core) family 6 model 61 stepping 4 microcode 0x2f, cx8, cmov, fxsr, ht, mmx, 3dnowpref, sse, sse2, sse3, ssse3, sse4.1, sse4.2, popcnt, lzcnt, tsc, tscinvbit, avx, avx2, aes, erms, clmul, bmi1, bmi2, adx, fma, vzeroupper, clflush, rdtscp, f16c
Processor Information for all 4 processors :
  Max Mhz: 2201, Current Mhz: 2200, Mhz Limit: 2178

Memory: 4k page, system-wide physical 8083M (814M free)
TotalPageFile size 8083M (AvailPageFile size 117M)
current process WorkingSet (physical memory assigned to process): 10M, peak: 10M
current process commit charge ("private bytes"): 51M, peak: 179M

vm_info: OpenJDK 64-Bit Server VM (21.0.1+12-29) for windows-amd64 JRE (21.0.1+12-29), built on 2023-10-05T13:27:09Z by "mach5one" with MS VC++ 17.1 (VS2022)

END.
